<?xml version="1.0" encoding="UTF-8"?>
<!-- Generated by org.testng.reporters.JUnitReportReporter -->
<testsuite hostname="DESKTOP-734T7OV" failures="0" tests="1" name="com.qa.rest.tests.GetCallBDD" time="2.363" errors="0" timestamp="2022-08-27T23:59:50 IST" skipped="0">
  <testcase classname="com.qa.rest.tests.GetCallBDD" name="CircuitTest" time="2.363"/>
  <system-out/>
</testsuite> <!-- com.qa.rest.tests.GetCallBDD -->
